Arguments: 
  /usr/bin/node /mnt/c/Program Files (x86)/Yarn/bin/yarn.js add express

PATH: 
  /home/alr/.vscode-server/bin/507ce72a4466fbb27b715c3722558bb15afa9f48/bin:/usr/local/sbin:/usr/local/bin:/usr/sbin:/usr/bin:/sbin:/bin:/usr/games:/usr/local/games:/usr/lib/wsl/lib:/mnt/c/Program Files (x86)/Microsoft/Edge/Application:/mnt/c/Program Files/MongoDB/Server/4.4/bin:/mnt/c/Users/Alon Ribeiro/AppData/Local/Programs/Python/Python38-32/Scripts/:/mnt/c/Users/Alon Ribeiro/AppData/Local/Programs/Python/Python38-32/:/mnt/c/Users/Alon Ribeiro/AppData/Local/Microsoft/WindowsApps:/mnt/c/Users/Alon Ribeiro/AppData/Local/Programs/Microsoft VS Code/bin:/mnt/c/Program Files/JetBrains/IntelliJ IDEA Community Edition 2020.1.2/bin:/mnt/c/MinGW:/mnt/c/MinGW/bin:/mnt/c/Users/Alon Ribeiro/AppData/Roaming/npm:/mnt/c/Users/Alon Ribeiro/AppData/Local/Yarn/bin:/mnt/c/Program Files/heroku/bin:/mnt/c/Program Files/nodejs:/mnt/c/Program Files (x86)/Yarn/bin/:/mnt/c/Program Files/erl10.3/bin:/mnt/c/Program Files (x86)/Elixir/bin:/mnt/c/Users/Alon Ribeiro/.mix/escripts:/mnt/c/Program Files/Docker/Docker/resources/bin:/mnt/c/ProgramData/DockerDesktop/version-bin:/mnt/c/WINDOWS/system32:/mnt/c/WINDOWS:/mnt/c/WINDOWS/System32/Wbem:/mnt/c/WINDOWS/System32/WindowsPowerShell/v1.0/:/mnt/c/WINDOWS/System32/OpenSSH/:/snap/bin

Yarn version: 
  1.22.5

Node version: 
  10.19.0

Platform: 
  linux x64

Trace: 
  Error: https://registry.yarnpkg.com/express: ETIMEDOUT
      at Timeout._onTimeout (/mnt/c/Program Files (x86)/Yarn/lib/cli.js:141409:19)
      at ontimeout (timers.js:436:11)
      at tryOnTimeout (timers.js:300:5)
      at listOnTimeout (timers.js:263:5)
      at Timer.processTimers (timers.js:223:10)

npm manifest: 
  {
    "name": "nlw06",
    "version": "1.0.0",
    "main": "index.js",
    "license": "MIT",
    "devDependencies": {
      "typescript": "^4.3.4"
    }
  }

yarn manifest: 
  No manifest

Lockfile: 
  # THIS IS AN AUTOGENERATED FILE. DO NOT EDIT THIS FILE DIRECTLY.
  # yarn lockfile v1
  
  
  typescript@^4.3.4:
    version "4.3.4"
    resolved "https://registry.yarnpkg.com/typescript/-/typescript-4.3.4.tgz#3f85b986945bcf31071decdd96cf8bfa65f9dcbc"
    integrity sha512-uauPG7XZn9F/mo+7MrsRjyvbxFpzemRjKEZXS4AK83oP2KKOJPvb+9cO/gmnv8arWZvhnjVOXz7B49m1l0e9Ew==
